<?xml version="1.0" encoding="UTF-8"?>
<!-- Generated by org.testng.reporters.JUnitReportReporter -->
<testsuite skipped="0" hostname="W1115180FY5NM" name="ExecutionListener.ExecutionListenerExample" tests="1" failures="0" timestamp="18 May 2018 17:27:12 GMT" time="0.008" errors="0">
  <testcase name="testRun" time="0.008" classname="ExecutionListener.ExecutionListenerExample"/>
</testsuite> <!-- ExecutionListener.ExecutionListenerExample -->
