<?xml version="1.0" encoding="UTF-8"?>
<!-- Generated by org.testng.reporters.JUnitReportReporter -->
<testsuite skipped="0" hostname="W1115180FY5NM" name="testngparalleltests.ParallelClassTwo" tests="1" failures="0" timestamp="16 May 2018 17:41:40 GMT" time="0.014" errors="0">
  <testcase name="classTwoTest" time="0.014" classname="testngparalleltests.ParallelClassTwo"/>
</testsuite> <!-- testngparalleltests.ParallelClassTwo -->
