<?xml version="1.0" encoding="UTF-8"?>
<!-- Generated by org.testng.reporters.JUnitReportReporter -->
<testsuite skipped="0" hostname="W1115180FY5NM" name="ConfigurationListener.ConfigurationListenerExample" tests="1" failures="0" timestamp="18 May 2018 18:28:41 GMT" time="0.010" errors="0">
  <testcase name="checkTest" time="0.010" classname="ConfigurationListener.ConfigurationListenerExample"/>
</testsuite> <!-- ConfigurationListener.ConfigurationListenerExample -->
