<?xml version="1.0" encoding="UTF-8"?>
<!-- Generated by org.testng.reporters.JUnitReportReporter -->
<testsuite skipped="0" hostname="W1115180FY5NM" name="testngparalleltests.ParallelClassOne" tests="4" failures="0" timestamp="16 May 2018 17:42:05 GMT" time="0.024" errors="0">
  <testcase name="useData" time="0.003" classname="testngparalleltests.ParallelClassOne"/>
  <testcase name="useData" time="0.003" classname="testngparalleltests.ParallelClassOne"/>
  <testcase name="classOneTest" time="0.014" classname="testngparalleltests.ParallelClassOne"/>
  <testcase name="useData" time="0.004" classname="testngparalleltests.ParallelClassOne"/>
</testsuite> <!-- testngparalleltests.ParallelClassOne -->
