<?xml version="1.0" encoding="UTF-8"?>
<!-- Generated by org.testng.reporters.JUnitReportReporter -->
<testsuite skipped="0" hostname="W1115180FY5NM" name="InvokedMethodListener.InvokedMethodListenerExample" tests="1" failures="0" timestamp="19 May 2018 03:34:36 GMT" time="0.013" errors="0">
  <testcase name="t1" time="0.013" classname="InvokedMethodListener.InvokedMethodListenerExample"/>
</testsuite> <!-- InvokedMethodListener.InvokedMethodListenerExample -->
